# JRE version: OpenJDK Runtime Environment (21.0.10) (build 21.0.10+-14961533-b1163.108)
# Java VM: OpenJDK 64-Bit Server VM (21.0.10+-14961533-b1163.108, mixed mode, tiered, compressed oops, compressed class ptrs, g1 gc, windows-amd64)
GC Precious Log:
 CardTable entry size: 512
 Card Set container configuration: InlinePtr #cards 5 size 8 Array Of Cards #cards 12 size 40 Howl #buckets 4 coarsen threshold 1843 Howl Bitmap #cards 512 size 80 coarsen threshold 460 Card regions per heap region 1 cards per card region 2048
 CPUs: 8 total, 8 available
 Memory: 7886M
 Large Page Support: Disabled
 NUMA Support: Disabled
 Compressed Oops: Enabled (32-bit)
 Heap Region Size: 1M
 Heap Min Capacity: 8M
 Heap Initial Capacity: 124M
 Heap Max Capacity: 2G
 Pre-touch: Disabled
 Parallel Workers: 8
 Concurrent Workers: 2
 Concurrent Refinement Workers: 8
 Periodic GC: Disabled
Heap:
 garbage-first heap   total 233472K, used 122475K [0x0000000080000000, 0x0000000100000000)
  region size 1024K, 29 young (29696K), 11 survivors (11264K)
 Metaspace       used 97645K, committed 99648K, reserved 1179648K
  class space    used 13398K, committed 14336K, reserved 1048576K
GC Heap History (20 events):
Event: 16.568 GC heap before
{Heap before GC invocations=41 (full 0):
 garbage-first heap   total 184320K, used 172789K [0x0000000080000000, 0x0000000100000000)
  region size 1024K, 99 young (101376K), 6 survivors (6144K)
 Metaspace       used 67082K, committed 68672K, reserved 1114112K
  class space    used 9393K, committed 10176K, reserved 1048576K
}
Event: 16.577 GC heap after
{Heap after GC invocations=42 (full 0):
 garbage-first heap   total 185344K, used 82666K [0x0000000080000000, 0x0000000100000000)
  region size 1024K, 10 young (10240K), 10 survivors (10240K)
 Metaspace       used 67082K, committed 68672K, reserved 1114112K
  class space    used 9393K, committed 10176K, reserved 1048576K
}
Event: 17.101 GC heap before
{Heap before GC invocations=42 (full 0):
 garbage-first heap   total 185344K, used 173802K [0x0000000080000000, 0x0000000100000000)
  region size 1024K, 100 young (102400K), 10 survivors (10240K)
 Metaspace       used 67127K, committed 68736K, reserved 1114112K
  class space    used 9396K, committed 10176K, reserved 1048576K
}
Event: 17.109 GC heap after
{Heap after GC invocations=43 (full 0):
 garbage-first heap   total 186368K, used 83364K [0x0000000080000000, 0x0000000100000000)
  region size 1024K, 5 young (5120K), 5 survivors (5120K)
 Metaspace       used 67127K, committed 68736K, reserved 1114112K
  class space    used 9396K, committed 10176K, reserved 1048576K
}
Event: 17.487 GC heap before
{Heap before GC invocations=44 (full 0):
 garbage-first heap   total 186368K, used 174500K [0x0000000080000000, 0x0000000100000000)
  region size 1024K, 95 young (97280K), 5 survivors (5120K)
 Metaspace       used 67223K, committed 68864K, reserved 1114112K
  class space    used 9397K, committed 10176K, reserved 1048576K
}
Event: 17.492 GC heap after
{Heap after GC invocations=45 (full 0):
 garbage-first heap   total 186368K, used 82853K [0x0000000080000000, 0x0000000100000000)
  region size 1024K, 5 young (5120K), 5 survivors (5120K)
 Metaspace       used 67223K, committed 68864K, reserved 1114112K
  class space    used 9397K, committed 10176K, reserved 1048576K
}
Event: 17.809 GC heap before
{Heap before GC invocations=45 (full 0):
 garbage-first heap   total 186368K, used 173989K [0x0000000080000000, 0x0000000100000000)
  region size 1024K, 95 young (97280K), 5 survivors (5120K)
 Metaspace       used 67240K, committed 68864K, reserved 1114112K
  class space    used 9397K, committed 10176K, reserved 1048576K
}
Event: 17.815 GC heap after
{Heap after GC invocations=46 (full 0):
 garbage-first heap   total 186368K, used 83197K [0x0000000080000000, 0x0000000100000000)
  region size 1024K, 5 young (5120K), 5 survivors (5120K)
 Metaspace       used 67240K, committed 68864K, reserved 1114112K
  class space    used 9397K, committed 10176K, reserved 1048576K
}
Event: 18.192 GC heap before
{Heap before GC invocations=46 (full 0):
 garbage-first heap   total 186368K, used 175357K [0x0000000080000000, 0x0000000100000000)
  region size 1024K, 95 young (97280K), 5 survivors (5120K)
 Metaspace       used 67261K, committed 68928K, reserved 1114112K
  class space    used 9397K, committed 10176K, reserved 1048576K
}
Event: 18.195 GC heap after
{Heap after GC invocations=47 (full 0):
 garbage-first heap   total 224256K, used 82958K [0x0000000080000000, 0x0000000100000000)
  region size 1024K, 5 young (5120K), 5 survivors (5120K)
 Metaspace       used 67261K, committed 68928K, reserved 1114112K
  class space    used 9397K, committed 10176K, reserved 1048576K
}
Event: 19.201 GC heap before
{Heap before GC invocations=48 (full 0):
 garbage-first heap   total 224256K, used 210958K [0x0000000080000000, 0x0000000100000000)
  region size 1024K, 130 young (133120K), 5 survivors (5120K)
 Metaspace       used 69920K, committed 71680K, reserved 1114112K
  class space    used 9782K, committed 10624K, reserved 1048576K
}
Event: 19.209 GC heap after
{Heap after GC invocations=49 (full 0):
 garbage-first heap   total 224256K, used 87906K [0x0000000080000000, 0x0000000100000000)
  region size 1024K, 10 young (10240K), 10 survivors (10240K)
 Metaspace       used 69920K, committed 71680K, reserved 1114112K
  class space    used 9782K, committed 10624K, reserved 1048576K
}
Event: 28.688 GC heap before
{Heap before GC invocations=49 (full 0):
 garbage-first heap   total 224256K, used 209762K [0x0000000080000000, 0x0000000100000000)
  region size 1024K, 130 young (133120K), 10 survivors (10240K)
 Metaspace       used 82489K, committed 84288K, reserved 1179648K
  class space    used 11482K, committed 12352K, reserved 1048576K
}
Event: 28.700 GC heap after
{Heap after GC invocations=50 (full 0):
 garbage-first heap   total 229376K, used 94335K [0x0000000080000000, 0x0000000100000000)
  region size 1024K, 13 young (13312K), 13 survivors (13312K)
 Metaspace       used 82489K, committed 84288K, reserved 1179648K
  class space    used 11482K, committed 12352K, reserved 1048576K
}
Event: 29.907 GC heap before
{Heap before GC invocations=50 (full 0):
 garbage-first heap   total 229376K, used 213119K [0x0000000080000000, 0x0000000100000000)
  region size 1024K, 130 young (133120K), 13 survivors (13312K)
 Metaspace       used 93305K, committed 95232K, reserved 1179648K
  class space    used 12961K, committed 13888K, reserved 1048576K
}
Event: 29.920 GC heap after
{Heap after GC invocations=51 (full 0):
 garbage-first heap   total 232448K, used 98910K [0x0000000080000000, 0x0000000100000000)
  region size 1024K, 11 young (11264K), 11 survivors (11264K)
 Metaspace       used 93305K, committed 95232K, reserved 1179648K
  class space    used 12961K, committed 13888K, reserved 1048576K
}
Event: 39.196 GC heap before
{Heap before GC invocations=52 (full 0):
 garbage-first heap   total 232448K, used 216670K [0x0000000080000000, 0x0000000100000000)
  region size 1024K, 127 young (130048K), 11 survivors (11264K)
 Metaspace       used 96948K, committed 98944K, reserved 1179648K
  class space    used 13367K, committed 14336K, reserved 1048576K
}
Event: 39.209 GC heap after
{Heap after GC invocations=53 (full 0):
 garbage-first heap   total 233472K, used 102565K [0x0000000080000000, 0x0000000100000000)
  region size 1024K, 9 young (9216K), 9 survivors (9216K)
 Metaspace       used 96948K, committed 98944K, reserved 1179648K
  class space    used 13367K, committed 14336K, reserved 1048576K
}
Event: 52.120 GC heap before
{Heap before GC invocations=53 (full 0):
 garbage-first heap   total 233472K, used 218277K [0x0000000080000000, 0x0000000100000000)
  region size 1024K, 122 young (124928K), 9 survivors (9216K)
 Metaspace       used 97642K, committed 99648K, reserved 1179648K
  class space    used 13398K, committed 14336K, reserved 1048576K
}
Event: 52.130 GC heap after
{Heap after GC invocations=54 (full 0):
 garbage-first heap   total 233472K, used 105067K [0x0000000080000000, 0x0000000100000000)
  region size 1024K, 11 young (11264K), 11 survivors (11264K)
 Metaspace       used 97642K, committed 99648K, reserved 1179648K
  class space    used 13398K, committed 14336K, reserved 1048576K
}

